0 info it worked if it ends with ok
1 verbose cli [ '/Users/pedrosilva/.nvm/versions/node/v7.2.0/bin/node',
1 verbose cli   '/Users/pedrosilva/.nvm/versions/node/v7.2.0/bin/npm',
1 verbose cli   'run',
1 verbose cli   'wat',
1 verbose cli   'h' ]
2 info using npm@3.10.9
3 info using node@v7.2.0
4 verbose stack Error: missing script: wat
4 verbose stack     at run (/Users/pedrosilva/.nvm/versions/node/v7.2.0/lib/node_modules/npm/lib/run-script.js:151:19)
4 verbose stack     at /Users/pedrosilva/.nvm/versions/node/v7.2.0/lib/node_modules/npm/lib/run-script.js:61:5
4 verbose stack     at /Users/pedrosilva/.nvm/versions/node/v7.2.0/lib/node_modules/npm/node_modules/read-package-json/read-json.js:356:5
4 verbose stack     at checkBinReferences_ (/Users/pedrosilva/.nvm/versions/node/v7.2.0/lib/node_modules/npm/node_modules/read-package-json/read-json.js:320:45)
4 verbose stack     at final (/Users/pedrosilva/.nvm/versions/node/v7.2.0/lib/node_modules/npm/node_modules/read-package-json/read-json.js:354:3)
4 verbose stack     at then (/Users/pedrosilva/.nvm/versions/node/v7.2.0/lib/node_modules/npm/node_modules/read-package-json/read-json.js:124:5)
4 verbose stack     at /Users/pedrosilva/.nvm/versions/node/v7.2.0/lib/node_modules/npm/node_modules/read-package-json/read-json.js:311:12
4 verbose stack     at /Users/pedrosilva/.nvm/versions/node/v7.2.0/lib/node_modules/npm/node_modules/graceful-fs/graceful-fs.js:78:16
4 verbose stack     at tryToString (fs.js:425:3)
4 verbose stack     at FSReqWrap.readFileAfterClose [as oncomplete] (fs.js:412:12)
5 verbose cwd /Users/pedrosilva/Projects/Django/cryptoPandora
6 error Darwin 18.2.0
7 error argv "/Users/pedrosilva/.nvm/versions/node/v7.2.0/bin/node" "/Users/pedrosilva/.nvm/versions/node/v7.2.0/bin/npm" "run" "wat" "h"
8 error node v7.2.0
9 error npm  v3.10.9
10 error missing script: wat
11 error If you need help, you may report this error at:
11 error     <https://github.com/npm/npm/issues>
12 verbose exit [ 1, true ]
